<?xml version="1.0" encoding="utf-8"?>
<test-run id="2" duration="52.36" testcasecount="1" total="1" passed="1" failed="0" inconclusive="0" skipped="0" result="Passed" start-time="2019-02-25T 06:17:26Z" end-time="2019-02-25T 06:18:20Z">
  <test-suite type="Assembly" name="AlphaPoint_QA.dll" fullname="E:\WorkFolder_0502\Development\Tech_Development\Version2\AlphaPoint_QA\bin\Debug\netcoreapp2.0\AlphaPoint_QA.dll" total="1" passed="1" failed="0" inconclusive="0" skipped="0" result="Passed" duration="52.36">
    <test-suite type="TestSuite" name="AlphaPoint_QA" fullname="AlphaPoint_QA" total="1" passed="1" failed="0" inconclusive="0" skipped="0" result="Passed" duration="52.36">
      <test-suite type="TestSuite" name="Test" fullname="AlphaPoint_QA.Test" total="1" passed="1" failed="0" inconclusive="0" skipped="0" result="Passed" duration="52.36">
        <test-suite type="TestFixture" name="OrderEntryTest" fullname="AlphaPoint_QA.Test.OrderEntryTest" total="1" passed="1" failed="0" inconclusive="0" skipped="0" result="Passed" duration="52.36">
          <test-case name="AlphaPoint_QA.Test.OrderEntryTest.TC1_VerifyDetailsOnLandingPageTest" fullname="AlphaPoint_QA.Test.OrderEntryTest.TC1_VerifyDetailsOnLandingPageTest" methodname="TC1_VerifyDetailsOnLandingPageTest" classname="AlphaPoint_QA.Test.OrderEntryTest" result="Passed" duration="52.36" asserts="0">
            <output><![CDATA[{"StartTime":"2019-02-25 11:47 AM","Endtime":"2019-02-25 11:48 AM","EventLog":[{"EventTitle":null,"EventDetails":"User Test_1 logged in successfully","TimeStamp":"2019-02-25 11:47 AM"},{"EventTitle":null,"EventDetails":"Exchange menu verification passed","TimeStamp":"2019-02-25 11:47 AM"},{"EventTitle":null,"EventDetails":"Open Orders Order Successfully verifed in Open orders tab","TimeStamp":"2019-02-25 11:47 AM"},{"EventTitle":null,"EventDetails":"Open orders inner menu label text name verification passed","TimeStamp":"2019-02-25 11:47 AM"},{"EventTitle":null,"EventDetails":"Filled Orders verification passed","TimeStamp":"2019-02-25 11:47 AM"},{"EventTitle":null,"EventDetails":"Filled orders inner menu label text name verification passed","TimeStamp":"2019-02-25 11:47 AM"},{"EventTitle":null,"EventDetails":"Inactive Orders verification passed","TimeStamp":"2019-02-25 11:47 AM"},{"EventTitle":null,"EventDetails":"Inactive orders inner menu label text name verification passed","TimeStamp":"2019-02-25 11:47 AM"},{"EventTitle":null,"EventDetails":"Trade Reports verification passed","TimeStamp":"2019-02-25 11:47 AM"},{"EventTitle":null,"EventDetails":"Trade orders inner menu label text name verification passed","TimeStamp":"2019-02-25 11:47 AM"},{"EventTitle":null,"EventDetails":"Deposit Status verification passed","TimeStamp":"2019-02-25 11:47 AM"},{"EventTitle":null,"EventDetails":"Deposit status inner menu label text name verification passed","TimeStamp":"2019-02-25 11:47 AM"},{"EventTitle":null,"EventDetails":"Withdraw Status verification passed","TimeStamp":"2019-02-25 11:47 AM"},{"EventTitle":null,"EventDetails":"Withdraw status inner menu label text name verification passed","TimeStamp":"2019-02-25 11:47 AM"},{"EventTitle":null,"EventDetails":"Price chart verification passed","TimeStamp":"2019-02-25 11:47 AM"},{"EventTitle":null,"EventDetails":"Order entry with buy option verification passed","TimeStamp":"2019-02-25 11:47 AM"},{"EventTitle":null,"EventDetails":"Order entry with sell option verification passed","TimeStamp":"2019-02-25 11:47 AM"},{"EventTitle":null,"EventDetails":"Available balance verification passed","TimeStamp":"2019-02-25 11:48 AM"},{"EventTitle":null,"EventDetails":"Hold verification passed","TimeStamp":"2019-02-25 11:48 AM"},{"EventTitle":null,"EventDetails":"Pending desposits verification passed","TimeStamp":"2019-02-25 11:48 AM"},{"EventTitle":null,"EventDetails":"Total balance verification passed","TimeStamp":"2019-02-25 11:48 AM"},{"EventTitle":null,"EventDetails":"Order book details Price, Qty, My Size verification passed","TimeStamp":"2019-02-25 11:48 AM"},{"EventTitle":null,"EventDetails":"Recent trade details Price, Qty, Time verification passed","TimeStamp":"2019-02-25 11:48 AM"},{"EventTitle":null,"EventDetails":"Buy option is present in Order Entry. Hence verification passed","TimeStamp":"2019-02-25 11:48 AM"},{"EventTitle":null,"EventDetails":"Sub Menu Market, Limit, Stop option is present under Buy in Order Entry. Hence verification passed","TimeStamp":"2019-02-25 11:48 AM"},{"EventTitle":null,"EventDetails":"Sell option is present in Order Entry. Hence verification passed","TimeStamp":"2019-02-25 11:48 AM"},{"EventTitle":null,"EventDetails":"Sub Menu Market, Limit, Stop option is present under Sell in Order Entry. Hence verification passed","TimeStamp":"2019-02-25 11:48 AM"},{"EventTitle":null,"EventDetails":"Sell, Buy and All button is displaying in the page. Hence verification passed","TimeStamp":"2019-02-25 11:48 AM"},{"EventTitle":null,"EventDetails":"Advance Order button is displaying in the page. Hence verification passed","TimeStamp":"2019-02-25 11:48 AM"},{"EventTitle":null,"EventDetails":"Order Entry button is present in the page. Hence verification passed","TimeStamp":"2019-02-25 11:48 AM"},{"EventTitle":null,"EventDetails":"Balances button is present in the page. Hence verification passed","TimeStamp":"2019-02-25 11:48 AM"},{"EventTitle":null,"EventDetails":"Various options is present in price chart. Hence verification is passed","TimeStamp":"2019-02-25 11:48 AM"}]}

]]></output>
          </test-case>
        </test-suite>
      </test-suite>
    </test-suite>
    <errors />
  </test-suite>
</test-run>